# JRE version: Java(TM) SE Runtime Environment (8.0_45-b15) (build 1.8.0_45-b15)
# Java VM: Java HotSpot(TM) 64-Bit Server VM (25.45-b02 mixed mode windows-amd64 compressed oops)
Heap:
 PSYoungGen      total 70144K, used 31996K [0x00000000eab00000, 0x00000000eff80000, 0x0000000100000000)
  eden space 65024K, 41% used [0x00000000eab00000,0x00000000ec55f618,0x00000000eea80000)
  from space 5120K, 97% used [0x00000000efa80000,0x00000000eff5fb88,0x00000000eff80000)
  to   space 8704K, 0% used [0x00000000eee80000,0x00000000eee80000,0x00000000ef700000)
 ParOldGen       total 57856K, used 9181K [0x00000000c0000000, 0x00000000c3880000, 0x00000000eab00000)
  object space 57856K, 15% used [0x00000000c0000000,0x00000000c08f7558,0x00000000c3880000)
 Metaspace       used 26653K, capacity 27330K, committed 27520K, reserved 1073152K
  class space    used 3685K, capacity 3933K, committed 3968K, reserved 1048576K
GC Heap History (10 events):
Event: 2.747 GC heap before
{Heap before GC invocations=4 (full 1):
 PSYoungGen      total 37888K, used 32768K [0x00000000eab00000, 0x00000000ed500000, 0x0000000100000000)
  eden space 32768K, 100% used [0x00000000eab00000,0x00000000ecb00000,0x00000000ecb00000)
  from space 5120K, 0% used [0x00000000ed000000,0x00000000ed000000,0x00000000ed500000)
  to   space 5120K, 0% used [0x00000000ecb00000,0x00000000ecb00000,0x00000000ed000000)
 ParOldGen       total 57856K, used 2806K [0x00000000c0000000, 0x00000000c3880000, 0x00000000eab00000)
  object space 57856K, 4% used [0x00000000c0000000,0x00000000c02bd9a0,0x00000000c3880000)
 Metaspace       used 15450K, capacity 15794K, committed 16000K, reserved 1062912K
  class space    used 2043K, capacity 2157K, committed 2176K, reserved 1048576K
Event: 2.751 GC heap after
Heap after GC invocations=4 (full 1):
 PSYoungGen      total 37888K, used 5118K [0x00000000eab00000, 0x00000000edf00000, 0x0000000100000000)
  eden space 32768K, 0% used [0x00000000eab00000,0x00000000eab00000,0x00000000ecb00000)
  from space 5120K, 99% used [0x00000000ecb00000,0x00000000ecfff8f0,0x00000000ed000000)
  to   space 5120K, 0% used [0x00000000eda00000,0x00000000eda00000,0x00000000edf00000)
 ParOldGen       total 57856K, used 3534K [0x00000000c0000000, 0x00000000c3880000, 0x00000000eab00000)
  object space 57856K, 6% used [0x00000000c0000000,0x00000000c0373a00,0x00000000c3880000)
 Metaspace       used 15450K, capacity 15794K, committed 16000K, reserved 1062912K
  class space    used 2043K, capacity 2157K, committed 2176K, reserved 1048576K
}
Event: 3.590 GC heap before
{Heap before GC invocations=5 (full 1):
 PSYoungGen      total 37888K, used 37886K [0x00000000eab00000, 0x00000000edf00000, 0x0000000100000000)
  eden space 32768K, 100% used [0x00000000eab00000,0x00000000ecb00000,0x00000000ecb00000)
  from space 5120K, 99% used [0x00000000ecb00000,0x00000000ecfff8f0,0x00000000ed000000)
  to   space 5120K, 0% used [0x00000000eda00000,0x00000000eda00000,0x00000000edf00000)
 ParOldGen       total 57856K, used 3534K [0x00000000c0000000, 0x00000000c3880000, 0x00000000eab00000)
  object space 57856K, 6% used [0x00000000c0000000,0x00000000c0373a00,0x00000000c3880000)
 Metaspace       used 18758K, capacity 19082K, committed 19328K, reserved 1067008K
  class space    used 2572K, capacity 2673K, committed 2688K, reserved 1048576K
Event: 3.596 GC heap after
Heap after GC invocations=5 (full 1):
 PSYoungGen      total 48128K, used 5113K [0x00000000eab00000, 0x00000000ee080000, 0x0000000100000000)
  eden space 43008K, 0% used [0x00000000eab00000,0x00000000eab00000,0x00000000ed500000)
  from space 5120K, 99% used [0x00000000eda00000,0x00000000edefe538,0x00000000edf00000)
  to   space 5120K, 0% used [0x00000000ed500000,0x00000000ed500000,0x00000000eda00000)
 ParOldGen       total 57856K, used 5325K [0x00000000c0000000, 0x00000000c3880000, 0x00000000eab00000)
  object space 57856K, 9% used [0x00000000c0000000,0x00000000c0533718,0x00000000c3880000)
 Metaspace       used 18758K, capacity 19082K, committed 19328K, reserved 1067008K
  class space    used 2572K, capacity 2673K, committed 2688K, reserved 1048576K
}
Event: 3.892 GC heap before
{Heap before GC invocations=6 (full 1):
 PSYoungGen      total 48128K, used 30296K [0x00000000eab00000, 0x00000000ee080000, 0x0000000100000000)
  eden space 43008K, 58% used [0x00000000eab00000,0x00000000ec397ad0,0x00000000ed500000)
  from space 5120K, 99% used [0x00000000eda00000,0x00000000edefe538,0x00000000edf00000)
  to   space 5120K, 0% used [0x00000000ed500000,0x00000000ed500000,0x00000000eda00000)
 ParOldGen       total 57856K, used 5325K [0x00000000c0000000, 0x00000000c3880000, 0x00000000eab00000)
  object space 57856K, 9% used [0x00000000c0000000,0x00000000c0533718,0x00000000c3880000)
 Metaspace       used 20788K, capacity 21140K, committed 21248K, reserved 1069056K
  class space    used 2894K, capacity 3032K, committed 3072K, reserved 1048576K
Event: 3.912 GC heap after
Heap after GC invocations=6 (full 1):
 PSYoungGen      total 48128K, used 5088K [0x00000000eab00000, 0x00000000f0380000, 0x0000000100000000)
  eden space 43008K, 0% used [0x00000000eab00000,0x00000000eab00000,0x00000000ed500000)
  from space 5120K, 99% used [0x00000000ed500000,0x00000000ed9f8040,0x00000000eda00000)
  to   space 9216K, 0% used [0x00000000efa80000,0x00000000efa80000,0x00000000f0380000)
 ParOldGen       total 57856K, used 7310K [0x00000000c0000000, 0x00000000c3880000, 0x00000000eab00000)
  object space 57856K, 12% used [0x00000000c0000000,0x00000000c0723be0,0x00000000c3880000)
 Metaspace       used 20788K, capacity 21140K, committed 21248K, reserved 1069056K
  class space    used 2894K, capacity 3032K, committed 3072K, reserved 1048576K
}
Event: 3.912 GC heap before
{Heap before GC invocations=7 (full 2):
 PSYoungGen      total 48128K, used 5088K [0x00000000eab00000, 0x00000000f0380000, 0x0000000100000000)
  eden space 43008K, 0% used [0x00000000eab00000,0x00000000eab00000,0x00000000ed500000)
  from space 5120K, 99% used [0x00000000ed500000,0x00000000ed9f8040,0x00000000eda00000)
  to   space 9216K, 0% used [0x00000000efa80000,0x00000000efa80000,0x00000000f0380000)
 ParOldGen       total 57856K, used 7310K [0x00000000c0000000, 0x00000000c3880000, 0x00000000eab00000)
  object space 57856K, 12% used [0x00000000c0000000,0x00000000c0723be0,0x00000000c3880000)
 Metaspace       used 20788K, capacity 21140K, committed 21248K, reserved 1069056K
  class space    used 2894K, capacity 3032K, committed 3072K, reserved 1048576K
Event: 3.960 GC heap after
Heap after GC invocations=7 (full 2):
 PSYoungGen      total 48128K, used 0K [0x00000000eab00000, 0x00000000f0380000, 0x0000000100000000)
  eden space 43008K, 0% used [0x00000000eab00000,0x00000000eab00000,0x00000000ed500000)
  from space 5120K, 0% used [0x00000000ed500000,0x00000000ed500000,0x00000000eda00000)
  to   space 9216K, 0% used [0x00000000efa80000,0x00000000efa80000,0x00000000f0380000)
 ParOldGen       total 57856K, used 9173K [0x00000000c0000000, 0x00000000c3880000, 0x00000000eab00000)
  object space 57856K, 15% used [0x00000000c0000000,0x00000000c08f5558,0x00000000c3880000)
 Metaspace       used 20788K, capacity 21140K, committed 21248K, reserved 1069056K
  class space    used 2894K, capacity 3032K, committed 3072K, reserved 1048576K
}
Event: 6.134 GC heap before
{Heap before GC invocations=8 (full 2):
 PSYoungGen      total 48128K, used 43008K [0x00000000eab00000, 0x00000000f0380000, 0x0000000100000000)
  eden space 43008K, 100% used [0x00000000eab00000,0x00000000ed500000,0x00000000ed500000)
  from space 5120K, 0% used [0x00000000ed500000,0x00000000ed500000,0x00000000eda00000)
  to   space 9216K, 0% used [0x00000000efa80000,0x00000000efa80000,0x00000000f0380000)
 ParOldGen       total 57856K, used 9173K [0x00000000c0000000, 0x00000000c3880000, 0x00000000eab00000)
  object space 57856K, 15% used [0x00000000c0000000,0x00000000c08f5558,0x00000000c3880000)
 Metaspace       used 23516K, capacity 24152K, committed 24448K, reserved 1071104K
  class space    used 3242K, capacity 3448K, committed 3456K, reserved 1048576K
Event: 6.141 GC heap after
Heap after GC invocations=8 (full 2):
 PSYoungGen      total 70144K, used 4990K [0x00000000eab00000, 0x00000000eff80000, 0x0000000100000000)
  eden space 65024K, 0% used [0x00000000eab00000,0x00000000eab00000,0x00000000eea80000)
  from space 5120K, 97% used [0x00000000efa80000,0x00000000eff5fb88,0x00000000eff80000)
  to   space 8704K, 0% used [0x00000000eee80000,0x00000000eee80000,0x00000000ef700000)
 ParOldGen       total 57856K, used 9181K [0x00000000c0000000, 0x00000000c3880000, 0x00000000eab00000)
  object space 57856K, 15% used [0x00000000c0000000,0x00000000c08f7558,0x00000000c3880000)
 Metaspace       used 23516K, capacity 24152K, committed 24448K, reserved 1071104K
  class space    used 3242K, capacity 3448K, committed 3456K, reserved 1048576K
}

