# JRE version: Java(TM) SE Runtime Environment (8.0_45-b15) (build 1.8.0_45-b15)
# Java VM: Java HotSpot(TM) 64-Bit Server VM (25.45-b02 mixed mode windows-amd64 compressed oops)
Heap:
 PSYoungGen      total 53248K, used 10322K [0x00000000eab00000, 0x00000000eea80000, 0x0000000100000000)
  eden space 42496K, 9% used [0x00000000eab00000,0x00000000eaed2bb0,0x00000000ed480000)
  from space 10752K, 59% used [0x00000000ee000000,0x00000000ee641ee0,0x00000000eea80000)
  to   space 11264K, 0% used [0x00000000ed480000,0x00000000ed480000,0x00000000edf80000)
 ParOldGen       total 70144K, used 9528K [0x00000000c0000000, 0x00000000c4480000, 0x00000000eab00000)
  object space 70144K, 13% used [0x00000000c0000000,0x00000000c094e090,0x00000000c4480000)
 Metaspace       used 26631K, capacity 27292K, committed 27520K, reserved 1073152K
  class space    used 3679K, capacity 3900K, committed 3968K, reserved 1048576K
GC Heap History (10 events):
Event: 3.012 GC heap before
{Heap before GC invocations=3 (full 0):
 PSYoungGen      total 37888K, used 37862K [0x00000000eab00000, 0x00000000ed500000, 0x0000000100000000)
  eden space 32768K, 100% used [0x00000000eab00000,0x00000000ecb00000,0x00000000ecb00000)
  from space 5120K, 99% used [0x00000000ed000000,0x00000000ed4f9aa0,0x00000000ed500000)
  to   space 5120K, 0% used [0x00000000ecb00000,0x00000000ecb00000,0x00000000ed000000)
 ParOldGen       total 86016K, used 1925K [0x00000000c0000000, 0x00000000c5400000, 0x00000000eab00000)
  object space 86016K, 2% used [0x00000000c0000000,0x00000000c01e14a0,0x00000000c5400000)
 Metaspace       used 18046K, capacity 18346K, committed 18560K, reserved 1064960K
  class space    used 2456K, capacity 2577K, committed 2688K, reserved 1048576K
Event: 3.019 GC heap after
Heap after GC invocations=3 (full 0):
 PSYoungGen      total 37888K, used 5088K [0x00000000eab00000, 0x00000000ed500000, 0x0000000100000000)
  eden space 32768K, 0% used [0x00000000eab00000,0x00000000eab00000,0x00000000ecb00000)
  from space 5120K, 99% used [0x00000000ecb00000,0x00000000ecff8020,0x00000000ed000000)
  to   space 5120K, 0% used [0x00000000ed000000,0x00000000ed000000,0x00000000ed500000)
 ParOldGen       total 86016K, used 5534K [0x00000000c0000000, 0x00000000c5400000, 0x00000000eab00000)
  object space 86016K, 6% used [0x00000000c0000000,0x00000000c0567820,0x00000000c5400000)
 Metaspace       used 18046K, capacity 18346K, committed 18560K, reserved 1064960K
  class space    used 2456K, capacity 2577K, committed 2688K, reserved 1048576K
}
Event: 3.521 GC heap before
{Heap before GC invocations=4 (full 0):
 PSYoungGen      total 37888K, used 36884K [0x00000000eab00000, 0x00000000ed500000, 0x0000000100000000)
  eden space 32768K, 97% used [0x00000000eab00000,0x00000000eca0d278,0x00000000ecb00000)
  from space 5120K, 99% used [0x00000000ecb00000,0x00000000ecff8020,0x00000000ed000000)
  to   space 5120K, 0% used [0x00000000ed000000,0x00000000ed000000,0x00000000ed500000)
 ParOldGen       total 86016K, used 5534K [0x00000000c0000000, 0x00000000c5400000, 0x00000000eab00000)
  object space 86016K, 6% used [0x00000000c0000000,0x00000000c0567820,0x00000000c5400000)
 Metaspace       used 20796K, capacity 21140K, committed 21248K, reserved 1067008K
  class space    used 2890K, capacity 3032K, committed 3072K, reserved 1048576K
Event: 3.530 GC heap after
Heap after GC invocations=4 (full 0):
 PSYoungGen      total 37888K, used 5088K [0x00000000eab00000, 0x00000000ed500000, 0x0000000100000000)
  eden space 32768K, 0% used [0x00000000eab00000,0x00000000eab00000,0x00000000ecb00000)
  from space 5120K, 99% used [0x00000000ed000000,0x00000000ed4f8040,0x00000000ed500000)
  to   space 5120K, 0% used [0x00000000ecb00000,0x00000000ecb00000,0x00000000ed000000)
 ParOldGen       total 86016K, used 9715K [0x00000000c0000000, 0x00000000c5400000, 0x00000000eab00000)
  object space 86016K, 11% used [0x00000000c0000000,0x00000000c097cd30,0x00000000c5400000)
 Metaspace       used 20796K, capacity 21140K, committed 21248K, reserved 1067008K
  class space    used 2890K, capacity 3032K, committed 3072K, reserved 1048576K
}
Event: 3.530 GC heap before
{Heap before GC invocations=5 (full 1):
 PSYoungGen      total 37888K, used 5088K [0x00000000eab00000, 0x00000000ed500000, 0x0000000100000000)
  eden space 32768K, 0% used [0x00000000eab00000,0x00000000eab00000,0x00000000ecb00000)
  from space 5120K, 99% used [0x00000000ed000000,0x00000000ed4f8040,0x00000000ed500000)
  to   space 5120K, 0% used [0x00000000ecb00000,0x00000000ecb00000,0x00000000ed000000)
 ParOldGen       total 86016K, used 9715K [0x00000000c0000000, 0x00000000c5400000, 0x00000000eab00000)
  object space 86016K, 11% used [0x00000000c0000000,0x00000000c097cd30,0x00000000c5400000)
 Metaspace       used 20796K, capacity 21140K, committed 21248K, reserved 1067008K
  class space    used 2890K, capacity 3032K, committed 3072K, reserved 1048576K
Event: 3.599 GC heap after
Heap after GC invocations=5 (full 1):
 PSYoungGen      total 37888K, used 0K [0x00000000eab00000, 0x00000000ed500000, 0x0000000100000000)
  eden space 32768K, 0% used [0x00000000eab00000,0x00000000eab00000,0x00000000ecb00000)
  from space 5120K, 0% used [0x00000000ed000000,0x00000000ed000000,0x00000000ed500000)
  to   space 5120K, 0% used [0x00000000ecb00000,0x00000000ecb00000,0x00000000ed000000)
 ParOldGen       total 70144K, used 9448K [0x00000000c0000000, 0x00000000c4480000, 0x00000000eab00000)
  object space 70144K, 13% used [0x00000000c0000000,0x00000000c093a080,0x00000000c4480000)
 Metaspace       used 20796K, capacity 21140K, committed 21248K, reserved 1067008K
  class space    used 2890K, capacity 3032K, committed 3072K, reserved 1048576K
}
Event: 5.731 GC heap before
{Heap before GC invocations=6 (full 1):
 PSYoungGen      total 37888K, used 32768K [0x00000000eab00000, 0x00000000ed500000, 0x0000000100000000)
  eden space 32768K, 100% used [0x00000000eab00000,0x00000000ecb00000,0x00000000ecb00000)
  from space 5120K, 0% used [0x00000000ed000000,0x00000000ed000000,0x00000000ed500000)
  to   space 5120K, 0% used [0x00000000ecb00000,0x00000000ecb00000,0x00000000ed000000)
 ParOldGen       total 70144K, used 9448K [0x00000000c0000000, 0x00000000c4480000, 0x00000000eab00000)
  object space 70144K, 13% used [0x00000000c0000000,0x00000000c093a080,0x00000000c4480000)
 Metaspace       used 23060K, capacity 23566K, committed 23936K, reserved 1069056K
  class space    used 3155K, capacity 3344K, committed 3456K, reserved 1048576K
Event: 5.735 GC heap after
Heap after GC invocations=6 (full 1):
 PSYoungGen      total 37888K, used 3580K [0x00000000eab00000, 0x00000000eeb80000, 0x0000000100000000)
  eden space 32768K, 0% used [0x00000000eab00000,0x00000000eab00000,0x00000000ecb00000)
  from space 5120K, 69% used [0x00000000ecb00000,0x00000000ece7f098,0x00000000ed000000)
  to   space 11776K, 0% used [0x00000000ee000000,0x00000000ee000000,0x00000000eeb80000)
 ParOldGen       total 70144K, used 9456K [0x00000000c0000000, 0x00000000c4480000, 0x00000000eab00000)
  object space 70144K, 13% used [0x00000000c0000000,0x00000000c093c080,0x00000000c4480000)
 Metaspace       used 23060K, capacity 23566K, committed 23936K, reserved 1069056K
  class space    used 3155K, capacity 3344K, committed 3456K, reserved 1048576K
}
Event: 6.451 GC heap before
{Heap before GC invocations=7 (full 1):
 PSYoungGen      total 37888K, used 36348K [0x00000000eab00000, 0x00000000eeb80000, 0x0000000100000000)
  eden space 32768K, 100% used [0x00000000eab00000,0x00000000ecb00000,0x00000000ecb00000)
  from space 5120K, 69% used [0x00000000ecb00000,0x00000000ece7f098,0x00000000ed000000)
  to   space 11776K, 0% used [0x00000000ee000000,0x00000000ee000000,0x00000000eeb80000)
 ParOldGen       total 70144K, used 9456K [0x00000000c0000000, 0x00000000c4480000, 0x00000000eab00000)
  object space 70144K, 13% used [0x00000000c0000000,0x00000000c093c080,0x00000000c4480000)
 Metaspace       used 26383K, capacity 26998K, committed 27264K, reserved 1073152K
  class space    used 3635K, capacity 3867K, committed 3968K, reserved 1048576K
Event: 6.457 GC heap after
Heap after GC invocations=7 (full 1):
 PSYoungGen      total 53248K, used 6407K [0x00000000eab00000, 0x00000000eea80000, 0x0000000100000000)
  eden space 42496K, 0% used [0x00000000eab00000,0x00000000eab00000,0x00000000ed480000)
  from space 10752K, 59% used [0x00000000ee000000,0x00000000ee641ee0,0x00000000eea80000)
  to   space 11264K, 0% used [0x00000000ed480000,0x00000000ed480000,0x00000000edf80000)
 ParOldGen       total 70144K, used 9528K [0x00000000c0000000, 0x00000000c4480000, 0x00000000eab00000)
  object space 70144K, 13% used [0x00000000c0000000,0x00000000c094e090,0x00000000c4480000)
 Metaspace       used 26383K, capacity 26998K, committed 27264K, reserved 1073152K
  class space    used 3635K, capacity 3867K, committed 3968K, reserved 1048576K
}

