# JRE version: Java(TM) SE Runtime Environment (8.0_45-b15) (build 1.8.0_45-b15)
# Java VM: Java HotSpot(TM) 64-Bit Server VM (25.45-b02 mixed mode windows-amd64 compressed oops)
Heap:
 PSYoungGen      total 37888K, used 8036K [0x00000000d6000000, 0x00000000d8a00000, 0x0000000100000000)
  eden space 32768K, 9% used [0x00000000d6000000,0x00000000d62e2b58,0x00000000d8000000)
  from space 5120K, 99% used [0x00000000d8500000,0x00000000d89f6740,0x00000000d8a00000)
  to   space 5120K, 0% used [0x00000000d8000000,0x00000000d8000000,0x00000000d8500000)
 ParOldGen       total 59392K, used 11696K [0x0000000082000000, 0x0000000085a00000, 0x00000000d6000000)
  object space 59392K, 19% used [0x0000000082000000,0x0000000082b6c0c0,0x0000000085a00000)
 Metaspace       used 26558K, capacity 27276K, committed 27520K, reserved 1073152K
  class space    used 3425K, capacity 3611K, committed 3712K, reserved 1048576K
GC Heap History (10 events):
Event: 1.866 GC heap before
{Heap before GC invocations=1 (full 0):
 PSYoungGen      total 37888K, used 32768K [0x00000000d6000000, 0x00000000d8a00000, 0x0000000100000000)
  eden space 32768K, 100% used [0x00000000d6000000,0x00000000d8000000,0x00000000d8000000)
  from space 5120K, 0% used [0x00000000d8500000,0x00000000d8500000,0x00000000d8a00000)
  to   space 5120K, 0% used [0x00000000d8000000,0x00000000d8000000,0x00000000d8500000)
 ParOldGen       total 86016K, used 0K [0x0000000082000000, 0x0000000087400000, 0x00000000d6000000)
  object space 86016K, 0% used [0x0000000082000000,0x0000000082000000,0x0000000087400000)
 Metaspace       used 12004K, capacity 12286K, committed 12544K, reserved 1060864K
  class space    used 1332K, capacity 1433K, committed 1536K, reserved 1048576K
Event: 1.870 GC heap after
Heap after GC invocations=1 (full 0):
 PSYoungGen      total 37888K, used 5115K [0x00000000d6000000, 0x00000000d8a00000, 0x0000000100000000)
  eden space 32768K, 0% used [0x00000000d6000000,0x00000000d6000000,0x00000000d8000000)
  from space 5120K, 99% used [0x00000000d8000000,0x00000000d84fef08,0x00000000d8500000)
  to   space 5120K, 0% used [0x00000000d8500000,0x00000000d8500000,0x00000000d8a00000)
 ParOldGen       total 86016K, used 559K [0x0000000082000000, 0x0000000087400000, 0x00000000d6000000)
  object space 86016K, 0% used [0x0000000082000000,0x000000008208bd48,0x0000000087400000)
 Metaspace       used 12004K, capacity 12286K, committed 12544K, reserved 1060864K
  class space    used 1332K, capacity 1433K, committed 1536K, reserved 1048576K
}
Event: 2.657 GC heap before
{Heap before GC invocations=2 (full 0):
 PSYoungGen      total 37888K, used 37883K [0x00000000d6000000, 0x00000000d8a00000, 0x0000000100000000)
  eden space 32768K, 100% used [0x00000000d6000000,0x00000000d8000000,0x00000000d8000000)
  from space 5120K, 99% used [0x00000000d8000000,0x00000000d84fef08,0x00000000d8500000)
  to   space 5120K, 0% used [0x00000000d8500000,0x00000000d8500000,0x00000000d8a00000)
 ParOldGen       total 86016K, used 559K [0x0000000082000000, 0x0000000087400000, 0x00000000d6000000)
  object space 86016K, 0% used [0x0000000082000000,0x000000008208bd48,0x0000000087400000)
 Metaspace       used 19623K, capacity 20046K, committed 20224K, reserved 1067008K
  class space    used 2360K, capacity 2494K, committed 2560K, reserved 1048576K
Event: 2.662 GC heap after
Heap after GC invocations=2 (full 0):
 PSYoungGen      total 37888K, used 5088K [0x00000000d6000000, 0x00000000d8a00000, 0x0000000100000000)
  eden space 32768K, 0% used [0x00000000d6000000,0x00000000d6000000,0x00000000d8000000)
  from space 5120K, 99% used [0x00000000d8500000,0x00000000d89f8080,0x00000000d8a00000)
  to   space 5120K, 0% used [0x00000000d8000000,0x00000000d8000000,0x00000000d8500000)
 ParOldGen       total 86016K, used 3418K [0x0000000082000000, 0x0000000087400000, 0x00000000d6000000)
  object space 86016K, 3% used [0x0000000082000000,0x0000000082356a50,0x0000000087400000)
 Metaspace       used 19623K, capacity 20046K, committed 20224K, reserved 1067008K
  class space    used 2360K, capacity 2494K, committed 2560K, reserved 1048576K
}
Event: 2.867 GC heap before
{Heap before GC invocations=3 (full 0):
 PSYoungGen      total 37888K, used 9202K [0x00000000d6000000, 0x00000000d8a00000, 0x0000000100000000)
  eden space 32768K, 12% used [0x00000000d6000000,0x00000000d6404a18,0x00000000d8000000)
  from space 5120K, 99% used [0x00000000d8500000,0x00000000d89f8080,0x00000000d8a00000)
  to   space 5120K, 0% used [0x00000000d8000000,0x00000000d8000000,0x00000000d8500000)
 ParOldGen       total 86016K, used 3418K [0x0000000082000000, 0x0000000087400000, 0x00000000d6000000)
  object space 86016K, 3% used [0x0000000082000000,0x0000000082356a50,0x0000000087400000)
 Metaspace       used 20740K, capacity 21122K, committed 21296K, reserved 1069056K
  class space    used 2578K, capacity 2674K, committed 2688K, reserved 1048576K
Event: 2.870 GC heap after
Heap after GC invocations=3 (full 0):
 PSYoungGen      total 37888K, used 5104K [0x00000000d6000000, 0x00000000d8a00000, 0x0000000100000000)
  eden space 32768K, 0% used [0x00000000d6000000,0x00000000d6000000,0x00000000d8000000)
  from space 5120K, 99% used [0x00000000d8000000,0x00000000d84fc050,0x00000000d8500000)
  to   space 5120K, 0% used [0x00000000d8500000,0x00000000d8500000,0x00000000d8a00000)
 ParOldGen       total 86016K, used 3658K [0x0000000082000000, 0x0000000087400000, 0x00000000d6000000)
  object space 86016K, 4% used [0x0000000082000000,0x0000000082392a50,0x0000000087400000)
 Metaspace       used 20740K, capacity 21122K, committed 21296K, reserved 1069056K
  class space    used 2578K, capacity 2674K, committed 2688K, reserved 1048576K
}
Event: 2.870 GC heap before
{Heap before GC invocations=4 (full 1):
 PSYoungGen      total 37888K, used 5104K [0x00000000d6000000, 0x00000000d8a00000, 0x0000000100000000)
  eden space 32768K, 0% used [0x00000000d6000000,0x00000000d6000000,0x00000000d8000000)
  from space 5120K, 99% used [0x00000000d8000000,0x00000000d84fc050,0x00000000d8500000)
  to   space 5120K, 0% used [0x00000000d8500000,0x00000000d8500000,0x00000000d8a00000)
 ParOldGen       total 86016K, used 3658K [0x0000000082000000, 0x0000000087400000, 0x00000000d6000000)
  object space 86016K, 4% used [0x0000000082000000,0x0000000082392a50,0x0000000087400000)
 Metaspace       used 20740K, capacity 21122K, committed 21296K, reserved 1069056K
  class space    used 2578K, capacity 2674K, committed 2688K, reserved 1048576K
Event: 2.894 GC heap after
Heap after GC invocations=4 (full 1):
 PSYoungGen      total 37888K, used 0K [0x00000000d6000000, 0x00000000d8a00000, 0x0000000100000000)
  eden space 32768K, 0% used [0x00000000d6000000,0x00000000d6000000,0x00000000d8000000)
  from space 5120K, 0% used [0x00000000d8000000,0x00000000d8000000,0x00000000d8500000)
  to   space 5120K, 0% used [0x00000000d8500000,0x00000000d8500000,0x00000000d8a00000)
 ParOldGen       total 59392K, used 5792K [0x0000000082000000, 0x0000000085a00000, 0x00000000d6000000)
  object space 59392K, 9% used [0x0000000082000000,0x00000000825a8090,0x0000000085a00000)
 Metaspace       used 20740K, capacity 21122K, committed 21296K, reserved 1069056K
  class space    used 2578K, capacity 2674K, committed 2688K, reserved 1048576K
}
Event: 46.700 GC heap before
{Heap before GC invocations=5 (full 1):
 PSYoungGen      total 37888K, used 32768K [0x00000000d6000000, 0x00000000d8a00000, 0x0000000100000000)
  eden space 32768K, 100% used [0x00000000d6000000,0x00000000d8000000,0x00000000d8000000)
  from space 5120K, 0% used [0x00000000d8000000,0x00000000d8000000,0x00000000d8500000)
  to   space 5120K, 0% used [0x00000000d8500000,0x00000000d8500000,0x00000000d8a00000)
 ParOldGen       total 59392K, used 5792K [0x0000000082000000, 0x0000000085a00000, 0x00000000d6000000)
  object space 59392K, 9% used [0x0000000082000000,0x00000000825a8090,0x0000000085a00000)
 Metaspace       used 26511K, capacity 27212K, committed 27520K, reserved 1073152K
  class space    used 3425K, capacity 3611K, committed 3712K, reserved 1048576K
Event: 46.705 GC heap after
Heap after GC invocations=5 (full 1):
 PSYoungGen      total 37888K, used 5081K [0x00000000d6000000, 0x00000000d8a00000, 0x0000000100000000)
  eden space 32768K, 0% used [0x00000000d6000000,0x00000000d6000000,0x00000000d8000000)
  from space 5120K, 99% used [0x00000000d8500000,0x00000000d89f6740,0x00000000d8a00000)
  to   space 5120K, 0% used [0x00000000d8000000,0x00000000d8000000,0x00000000d8500000)
 ParOldGen       total 59392K, used 11696K [0x0000000082000000, 0x0000000085a00000, 0x00000000d6000000)
  object space 59392K, 19% used [0x0000000082000000,0x0000000082b6c0c0,0x0000000085a00000)
 Metaspace       used 26511K, capacity 27212K, committed 27520K, reserved 1073152K
  class space    used 3425K, capacity 3611K, committed 3712K, reserved 1048576K
}

